# JRE version: Java(TM) SE Runtime Environment (8.0_65-b17) (build 1.8.0_65-b17)
# Java VM: Java HotSpot(TM) 64-Bit Server VM (25.65-b01 mixed mode bsd-amd64 compressed oops)
Heap:
 PSYoungGen      total 277504K, used 212045K [0x00000007aab00000, 0x00000007bfd80000, 0x00000007c0000000)
  eden space 209408K, 100% used [0x00000007aab00000,0x00000007b7780000,0x00000007b7780000)
  from space 68096K, 3% used [0x00000007bbb00000,0x00000007bbd937b8,0x00000007bfd80000)
  to   space 68608K, 55% used [0x00000007b7780000,0x00000007b9cef5e8,0x00000007bba80000)
 ParOldGen       total 102400K, used 50852K [0x0000000780000000, 0x0000000786400000, 0x00000007aab00000)
  object space 102400K, 49% used [0x0000000780000000,0x00000007831a9108,0x0000000786400000)
 Metaspace       used 64757K, capacity 69856K, committed 71000K, reserved 1110016K
  class space    used 8585K, capacity 9226K, committed 9600K, reserved 1048576K
GC Heap History (10 events):
Event: 11968.694 GC heap after
Heap after GC invocations=85 (full 20):
 PSYoungGen      total 271872K, used 38860K [0x00000007aab00000, 0x00000007c0000000, 0x00000007c0000000)
  eden space 203776K, 0% used [0x00000007aab00000,0x00000007aab00000,0x00000007b7200000)
  from space 68096K, 57% used [0x00000007b7200000,0x00000007b97f3228,0x00000007bb480000)
  to   space 70656K, 0% used [0x00000007bbb00000,0x00000007bbb00000,0x00000007c0000000)
 ParOldGen       total 102400K, used 50592K [0x0000000780000000, 0x0000000786400000, 0x00000007aab00000)
  object space 102400K, 49% used [0x0000000780000000,0x0000000783168340,0x0000000786400000)
 Metaspace       used 64604K, capacity 69620K, committed 70744K, reserved 1110016K
  class space    used 8574K, capacity 9214K, committed 9600K, reserved 1048576K
}
Event: 11982.206 GC heap before
{Heap before GC invocations=86 (full 20):
 PSYoungGen      total 271872K, used 137383K [0x00000007aab00000, 0x00000007c0000000, 0x00000007c0000000)
  eden space 203776K, 48% used [0x00000007aab00000,0x00000007b0b36bc8,0x00000007b7200000)
  from space 68096K, 57% used [0x00000007b7200000,0x00000007b97f3228,0x00000007bb480000)
  to   space 70656K, 0% used [0x00000007bbb00000,0x00000007bbb00000,0x00000007c0000000)
 ParOldGen       total 102400K, used 50592K [0x0000000780000000, 0x0000000786400000, 0x00000007aab00000)
  object space 102400K, 49% used [0x0000000780000000,0x0000000783168340,0x0000000786400000)
 Metaspace       used 64612K, capacity 69684K, committed 71000K, reserved 1110016K
  class space    used 8574K, capacity 9214K, committed 9600K, reserved 1048576K
Event: 11982.209 GC heap after
Heap after GC invocations=86 (full 20):
 PSYoungGen      total 280064K, used 720K [0x00000007aab00000, 0x00000007c0000000, 0x00000007c0000000)
  eden space 209408K, 0% used [0x00000007aab00000,0x00000007aab00000,0x00000007b7780000)
  from space 70656K, 1% used [0x00000007bbb00000,0x00000007bbbb4010,0x00000007c0000000)
  to   space 69120K, 0% used [0x00000007b7780000,0x00000007b7780000,0x00000007bbb00000)
 ParOldGen       total 102400K, used 50592K [0x0000000780000000, 0x0000000786400000, 0x00000007aab00000)
  object space 102400K, 49% used [0x0000000780000000,0x0000000783168340,0x0000000786400000)
 Metaspace       used 64612K, capacity 69684K, committed 71000K, reserved 1110016K
  class space    used 8574K, capacity 9214K, committed 9600K, reserved 1048576K
}
Event: 11982.209 GC heap before
{Heap before GC invocations=87 (full 21):
 PSYoungGen      total 280064K, used 720K [0x00000007aab00000, 0x00000007c0000000, 0x00000007c0000000)
  eden space 209408K, 0% used [0x00000007aab00000,0x00000007aab00000,0x00000007b7780000)
  from space 70656K, 1% used [0x00000007bbb00000,0x00000007bbbb4010,0x00000007c0000000)
  to   space 69120K, 0% used [0x00000007b7780000,0x00000007b7780000,0x00000007bbb00000)
 ParOldGen       total 102400K, used 50592K [0x0000000780000000, 0x0000000786400000, 0x00000007aab00000)
  object space 102400K, 49% used [0x0000000780000000,0x0000000783168340,0x0000000786400000)
 Metaspace       used 64612K, capacity 69684K, committed 71000K, reserved 1110016K
  class space    used 8574K, capacity 9214K, committed 9600K, reserved 1048576K
Event: 11982.426 GC heap after
Heap after GC invocations=87 (full 21):
 PSYoungGen      total 280064K, used 0K [0x00000007aab00000, 0x00000007c0000000, 0x00000007c0000000)
  eden space 209408K, 0% used [0x00000007aab00000,0x00000007aab00000,0x00000007b7780000)
  from space 70656K, 0% used [0x00000007bbb00000,0x00000007bbb00000,0x00000007c0000000)
  to   space 69120K, 0% used [0x00000007b7780000,0x00000007b7780000,0x00000007bbb00000)
 ParOldGen       total 102400K, used 50836K [0x0000000780000000, 0x0000000786400000, 0x00000007aab00000)
  object space 102400K, 49% used [0x0000000780000000,0x00000007831a5108,0x0000000786400000)
 Metaspace       used 64612K, capacity 69684K, committed 71000K, reserved 1110016K
  class space    used 8574K, capacity 9214K, committed 9600K, reserved 1048576K
}
Event: 12073.367 GC heap before
{Heap before GC invocations=88 (full 21):
 PSYoungGen      total 280064K, used 209408K [0x00000007aab00000, 0x00000007c0000000, 0x00000007c0000000)
  eden space 209408K, 100% used [0x00000007aab00000,0x00000007b7780000,0x00000007b7780000)
  from space 70656K, 0% used [0x00000007bbb00000,0x00000007bbb00000,0x00000007c0000000)
  to   space 69120K, 0% used [0x00000007b7780000,0x00000007b7780000,0x00000007bbb00000)
 ParOldGen       total 102400K, used 50836K [0x0000000780000000, 0x0000000786400000, 0x00000007aab00000)
  object space 102400K, 49% used [0x0000000780000000,0x00000007831a5108,0x0000000786400000)
 Metaspace       used 64673K, capacity 69770K, committed 71000K, reserved 1110016K
  class space    used 8579K, capacity 9220K, committed 9600K, reserved 1048576K
Event: 12073.400 GC heap after
Heap after GC invocations=88 (full 21):
 PSYoungGen      total 278528K, used 36972K [0x00000007aab00000, 0x00000007c0000000, 0x00000007c0000000)
  eden space 209408K, 0% used [0x00000007aab00000,0x00000007aab00000,0x00000007b7780000)
  from space 69120K, 53% used [0x00000007b7780000,0x00000007b9b9b228,0x00000007bbb00000)
  to   space 70656K, 0% used [0x00000007bbb00000,0x00000007bbb00000,0x00000007c0000000)
 ParOldGen       total 102400K, used 50844K [0x0000000780000000, 0x0000000786400000, 0x00000007aab00000)
  object space 102400K, 49% used [0x0000000780000000,0x00000007831a7108,0x0000000786400000)
 Metaspace       used 64673K, capacity 69770K, committed 71000K, reserved 1110016K
  class space    used 8579K, capacity 9220K, committed 9600K, reserved 1048576K
}
Event: 12158.043 GC heap before
{Heap before GC invocations=89 (full 21):
 PSYoungGen      total 278528K, used 246380K [0x00000007aab00000, 0x00000007c0000000, 0x00000007c0000000)
  eden space 209408K, 100% used [0x00000007aab00000,0x00000007b7780000,0x00000007b7780000)
  from space 69120K, 53% used [0x00000007b7780000,0x00000007b9b9b228,0x00000007bbb00000)
  to   space 70656K, 0% used [0x00000007bbb00000,0x00000007bbb00000,0x00000007c0000000)
 ParOldGen       total 102400K, used 50844K [0x0000000780000000, 0x0000000786400000, 0x00000007aab00000)
  object space 102400K, 49% used [0x0000000780000000,0x00000007831a7108,0x0000000786400000)
 Metaspace       used 64735K, capacity 69856K, committed 71000K, reserved 1110016K
  class space    used 8585K, capacity 9226K, committed 9600K, reserved 1048576K
Event: 12158.049 GC heap after
Heap after GC invocations=89 (full 21):
 PSYoungGen      total 277504K, used 2637K [0x00000007aab00000, 0x00000007bfd80000, 0x00000007c0000000)
  eden space 209408K, 0% used [0x00000007aab00000,0x00000007aab00000,0x00000007b7780000)
  from space 68096K, 3% used [0x00000007bbb00000,0x00000007bbd937b8,0x00000007bfd80000)
  to   space 68608K, 0% used [0x00000007b7780000,0x00000007b7780000,0x00000007bba80000)
 ParOldGen       total 102400K, used 50844K [0x0000000780000000, 0x0000000786400000, 0x00000007aab00000)
  object space 102400K, 49% used [0x0000000780000000,0x00000007831a7108,0x0000000786400000)
 Metaspace       used 64735K, capacity 69856K, committed 71000K, reserved 1110016K
  class space    used 8585K, capacity 9226K, committed 9600K, reserved 1048576K
}
Event: 12159.671 GC heap before
{Heap before GC invocations=90 (full 21):
 PSYoungGen      total 277504K, used 212045K [0x00000007aab00000, 0x00000007bfd80000, 0x00000007c0000000)
  eden space 209408K, 100% used [0x00000007aab00000,0x00000007b7780000,0x00000007b7780000)
  from space 68096K, 3% used [0x00000007bbb00000,0x00000007bbd937b8,0x00000007bfd80000)
  to   space 68608K, 0% used [0x00000007b7780000,0x00000007b7780000,0x00000007bba80000)
 ParOldGen       total 102400K, used 50844K [0x0000000780000000, 0x0000000786400000, 0x00000007aab00000)
  object space 102400K, 49% used [0x0000000780000000,0x00000007831a7108,0x0000000786400000)
 Metaspace       used 64757K, capacity 69856K, committed 71000K, reserved 1110016K
  class space    used 8585K, capacity 9226K, committed 9600K, reserved 1048576K

