# JRE version: Java(TM) SE Runtime Environment (8.0_65-b17) (build 1.8.0_65-b17)
# Java VM: Java HotSpot(TM) 64-Bit Server VM (25.65-b01 mixed mode bsd-amd64 compressed oops)
Heap:
 PSYoungGen      total 238592K, used 68178K [0x00000007aab00000, 0x00000007c0000000, 0x00000007c0000000)
  eden space 137216K, 0% used [0x00000007aab00000,0x00000007aab00000,0x00000007b3100000)
  from space 101376K, 67% used [0x00000007b9d00000,0x00000007bdf94898,0x00000007c0000000)
  to   space 105984K, 0% used [0x00000007b3100000,0x00000007b3100000,0x00000007b9880000)
 ParOldGen       total 169984K, used 163543K [0x0000000780000000, 0x000000078a600000, 0x00000007aab00000)
  object space 169984K, 96% used [0x0000000780000000,0x0000000789fb5f78,0x000000078a600000)
 Metaspace       used 6571K, capacity 7320K, committed 7680K, reserved 1056768K
  class space    used 618K, capacity 656K, committed 768K, reserved 1048576K
GC Heap History (10 events):
Event: 6.415 GC heap after
Heap after GC invocations=9 (full 1):
 PSYoungGen      total 262656K, used 38220K [0x00000007aab00000, 0x00000007c0000000, 0x00000007c0000000)
  eden space 212992K, 0% used [0x00000007aab00000,0x00000007aab00000,0x00000007b7b00000)
  from space 49664K, 76% used [0x00000007bcf80000,0x00000007bf4d3240,0x00000007c0000000)
  to   space 68096K, 0% used [0x00000007b7b00000,0x00000007b7b00000,0x00000007bbd80000)
 ParOldGen       total 169984K, used 87158K [0x0000000780000000, 0x000000078a600000, 0x00000007aab00000)
  object space 169984K, 51% used [0x0000000780000000,0x000000078551d810,0x000000078a600000)
 Metaspace       used 6547K, capacity 7320K, committed 7680K, reserved 1056768K
  class space    used 618K, capacity 656K, committed 768K, reserved 1048576K
}
Event: 7.283 GC heap before
{Heap before GC invocations=10 (full 1):
 PSYoungGen      total 262656K, used 251212K [0x00000007aab00000, 0x00000007c0000000, 0x00000007c0000000)
  eden space 212992K, 100% used [0x00000007aab00000,0x00000007b7b00000,0x00000007b7b00000)
  from space 49664K, 76% used [0x00000007bcf80000,0x00000007bf4d3240,0x00000007c0000000)
  to   space 68096K, 0% used [0x00000007b7b00000,0x00000007b7b00000,0x00000007bbd80000)
 ParOldGen       total 169984K, used 87159K [0x0000000780000000, 0x000000078a600000, 0x00000007aab00000)
  object space 169984K, 51% used [0x0000000780000000,0x000000078551dd88,0x000000078a600000)
 Metaspace       used 6556K, capacity 7320K, committed 7680K, reserved 1056768K
  class space    used 618K, capacity 656K, committed 768K, reserved 1048576K
Event: 7.401 GC heap after
Heap after GC invocations=10 (full 1):
 PSYoungGen      total 272384K, used 59139K [0x00000007aab00000, 0x00000007c0000000, 0x00000007c0000000)
  eden space 212992K, 0% used [0x00000007aab00000,0x00000007aab00000,0x00000007b7b00000)
  from space 59392K, 99% used [0x00000007b7b00000,0x00000007bb4c0ff8,0x00000007bb500000)
  to   space 76800K, 0% used [0x00000007bb500000,0x00000007bb500000,0x00000007c0000000)
 ParOldGen       total 169984K, used 97957K [0x0000000780000000, 0x000000078a600000, 0x00000007aab00000)
  object space 169984K, 57% used [0x0000000780000000,0x0000000785fa96d0,0x000000078a600000)
 Metaspace       used 6556K, capacity 7320K, committed 7680K, reserved 1056768K
  class space    used 618K, capacity 656K, committed 768K, reserved 1048576K
}
Event: 8.085 GC heap before
{Heap before GC invocations=11 (full 1):
 PSYoungGen      total 272384K, used 272131K [0x00000007aab00000, 0x00000007c0000000, 0x00000007c0000000)
  eden space 212992K, 100% used [0x00000007aab00000,0x00000007b7b00000,0x00000007b7b00000)
  from space 59392K, 99% used [0x00000007b7b00000,0x00000007bb4c0ff8,0x00000007bb500000)
  to   space 76800K, 0% used [0x00000007bb500000,0x00000007bb500000,0x00000007c0000000)
 ParOldGen       total 169984K, used 97963K [0x0000000780000000, 0x000000078a600000, 0x00000007aab00000)
  object space 169984K, 57% used [0x0000000780000000,0x0000000785faad70,0x000000078a600000)
 Metaspace       used 6560K, capacity 7320K, committed 7680K, reserved 1056768K
  class space    used 618K, capacity 656K, committed 768K, reserved 1048576K
Event: 8.214 GC heap after
Heap after GC invocations=11 (full 1):
 PSYoungGen      total 238592K, used 76768K [0x00000007aab00000, 0x00000007c0000000, 0x00000007c0000000)
  eden space 161792K, 0% used [0x00000007aab00000,0x00000007aab00000,0x00000007b4900000)
  from space 76800K, 99% used [0x00000007bb500000,0x00000007bfff83a0,0x00000007c0000000)
  to   space 93696K, 0% used [0x00000007b4900000,0x00000007b4900000,0x00000007ba480000)
 ParOldGen       total 169984K, used 108801K [0x0000000780000000, 0x000000078a600000, 0x00000007aab00000)
  object space 169984K, 64% used [0x0000000780000000,0x0000000786a40768,0x000000078a600000)
 Metaspace       used 6560K, capacity 7320K, committed 7680K, reserved 1056768K
  class space    used 618K, capacity 656K, committed 768K, reserved 1048576K
}
Event: 8.721 GC heap before
{Heap before GC invocations=12 (full 1):
 PSYoungGen      total 238592K, used 238560K [0x00000007aab00000, 0x00000007c0000000, 0x00000007c0000000)
  eden space 161792K, 100% used [0x00000007aab00000,0x00000007b4900000,0x00000007b4900000)
  from space 76800K, 99% used [0x00000007bb500000,0x00000007bfff83a0,0x00000007c0000000)
  to   space 93696K, 0% used [0x00000007b4900000,0x00000007b4900000,0x00000007ba480000)
 ParOldGen       total 169984K, used 108801K [0x0000000780000000, 0x000000078a600000, 0x00000007aab00000)
  object space 169984K, 64% used [0x0000000780000000,0x0000000786a40768,0x000000078a600000)
 Metaspace       used 6563K, capacity 7320K, committed 7680K, reserved 1056768K
  class space    used 618K, capacity 656K, committed 768K, reserved 1048576K
Event: 8.868 GC heap after
Heap after GC invocations=12 (full 1):
 PSYoungGen      total 233472K, used 71548K [0x00000007aab00000, 0x00000007c0000000, 0x00000007c0000000)
  eden space 161792K, 0% used [0x00000007aab00000,0x00000007aab00000,0x00000007b4900000)
  from space 71680K, 99% used [0x00000007b4900000,0x00000007b8edf3f0,0x00000007b8f00000)
  to   space 101376K, 0% used [0x00000007b9d00000,0x00000007b9d00000,0x00000007c0000000)
 ParOldGen       total 169984K, used 136566K [0x0000000780000000, 0x000000078a600000, 0x00000007aab00000)
  object space 169984K, 80% used [0x0000000780000000,0x000000078855db70,0x000000078a600000)
 Metaspace       used 6563K, capacity 7320K, committed 7680K, reserved 1056768K
  class space    used 618K, capacity 656K, committed 768K, reserved 1048576K
}
Event: 9.409 GC heap before
{Heap before GC invocations=13 (full 1):
 PSYoungGen      total 233472K, used 233340K [0x00000007aab00000, 0x00000007c0000000, 0x00000007c0000000)
  eden space 161792K, 100% used [0x00000007aab00000,0x00000007b4900000,0x00000007b4900000)
  from space 71680K, 99% used [0x00000007b4900000,0x00000007b8edf3f0,0x00000007b8f00000)
  to   space 101376K, 0% used [0x00000007b9d00000,0x00000007b9d00000,0x00000007c0000000)
 ParOldGen       total 169984K, used 136566K [0x0000000780000000, 0x000000078a600000, 0x00000007aab00000)
  object space 169984K, 80% used [0x0000000780000000,0x000000078855db70,0x000000078a600000)
 Metaspace       used 6571K, capacity 7320K, committed 7680K, reserved 1056768K
  class space    used 618K, capacity 656K, committed 768K, reserved 1048576K
Event: 9.535 GC heap after
Heap after GC invocations=13 (full 1):
 PSYoungGen      total 238592K, used 68178K [0x00000007aab00000, 0x00000007c0000000, 0x00000007c0000000)
  eden space 137216K, 0% used [0x00000007aab00000,0x00000007aab00000,0x00000007b3100000)
  from space 101376K, 67% used [0x00000007b9d00000,0x00000007bdf94898,0x00000007c0000000)
  to   space 105984K, 0% used [0x00000007b3100000,0x00000007b3100000,0x00000007b9880000)
 ParOldGen       total 169984K, used 163543K [0x0000000780000000, 0x000000078a600000, 0x00000007aab00000)
  object space 169984K, 96% used [0x0000000780000000,0x0000000789fb5f78,0x000000078a600000)
 Metaspace       used 6571K, capacity 7320K, committed 7680K, reserved 1056768K
  class space    used 618K, capacity 656K, committed 768K, reserved 1048576K
}
Event: 9.535 GC heap before
{Heap before GC invocations=14 (full 2):
 PSYoungGen      total 238592K, used 68178K [0x00000007aab00000, 0x00000007c0000000, 0x00000007c0000000)
  eden space 137216K, 0% used [0x00000007aab00000,0x00000007aab00000,0x00000007b3100000)
  from space 101376K, 67% used [0x00000007b9d00000,0x00000007bdf94898,0x00000007c0000000)
  to   space 105984K, 0% used [0x00000007b3100000,0x00000007b3100000,0x00000007b9880000)
 ParOldGen       total 169984K, used 163543K [0x0000000780000000, 0x000000078a600000, 0x00000007aab00000)
  object space 169984K, 96% used [0x0000000780000000,0x0000000789fb5f78,0x000000078a600000)
 Metaspace       used 6571K, capacity 7320K, committed 7680K, reserved 1056768K
  class space    used 618K, capacity 656K, committed 768K, reserved 1048576K

